<?xml version="1.0" encoding="UTF-8"?>
<!-- Generated by org.testng.reporters.JUnitReportReporter -->
<testsuite hostname="DESKTOP-ONTGILH" failures="0" tests="1" name="api_learning.testNG.TestParameter" time="0.002" errors="0" timestamp="2023-03-12T13:50:12 ICT" skipped="0">
  <testcase classname="api_learning.testNG.TestParameter" name="parameter" time="0.002"/>
  <system-out/>
</testsuite> <!-- api_learning.testNG.TestParameter -->
