<?xml version="1.0" encoding="UTF-8"?>
<!-- Generated by org.testng.reporters.JUnitReportReporter -->
<testsuite hostname="DESKTOP-ONTGILH" failures="0" tests="1" name="tests.swipe.SwipeControllerTest" time="45.025" errors="0" timestamp="2023-03-12T18:04:57 ICT" skipped="0">
  <testcase classname="tests.swipe.SwipeControllerTest" name="testSwipe" time="45.025"/>
  <system-out/>
</testsuite> <!-- tests.swipe.SwipeControllerTest -->
