<?xml version="1.0" encoding="UTF-8"?>
<!-- Generated by org.testng.reporters.JUnitReportReporter -->
<testsuite hostname="DESKTOP-ONTGILH" failures="0" tests="3" name="tests.authentication.LoginTestWithDataBuilder" time="44.299" errors="0" timestamp="2023-03-12T17:53:35 ICT" skipped="0">
  <testcase classname="tests.authentication.LoginTestWithDataBuilder" name="testLogin" time="6.458"/>
  <system-out/>
  <testcase classname="tests.authentication.LoginTestWithDataBuilder" name="testLogin" time="5.046"/>
  <system-out/>
  <testcase classname="tests.authentication.LoginTestWithDataBuilder" name="testLogin" time="32.795"/>
  <system-out/>
</testsuite> <!-- tests.authentication.LoginTestWithDataBuilder -->
